<?xml version="1.0" encoding="UTF-8"?>
<robot generator="Robot 7.3.2 (Python 3.13.5 on win32)" generated="2025-11-09T15:43:49.401549" rpa="false" schemaversion="5">
<suite id="s1" name="Example" source="C:\Users\Katsiaryna_Shymko\PycharmProjects\Automated Testing Mentoring with Python\RobotTask\tests\example.robot">
<kw name="Register New User" type="SETUP">
<kw name="Evaluate" owner="BuiltIn">
<msg time="2025-11-09T15:43:49.624413" level="INFO">${random_user} = user_test_6631</msg>
<var>${random_user}</var>
<arg>"user_test_" + str(random.randint(1000, 9999))</arg>
<arg>random</arg>
<doc>Evaluates the given expression in Python and returns the result.</doc>
<status status="PASS" start="2025-11-09T15:43:49.623973" elapsed="0.000492"/>
</kw>
<kw name="Set Suite Variable" owner="BuiltIn">
<msg time="2025-11-09T15:43:49.625558" level="INFO">${REGISTERED_USERNAME} = user_test_6631</msg>
<arg>${REGISTERED_USERNAME}</arg>
<arg>${random_user}</arg>
<doc>Makes a variable available everywhere within the scope of the current suite.</doc>
<status status="PASS" start="2025-11-09T15:43:49.624864" elapsed="0.000770"/>
</kw>
<kw name="Set Suite Variable" owner="BuiltIn">
<msg time="2025-11-09T15:43:49.626352" level="INFO">${REGISTERED_PASSWORD} = pass123</msg>
<arg>${REGISTERED_PASSWORD}</arg>
<arg>pass123</arg>
<doc>Makes a variable available everywhere within the scope of the current suite.</doc>
<status status="PASS" start="2025-11-09T15:43:49.625800" elapsed="0.000617"/>
</kw>
<kw name="Open Browser" owner="SeleniumLibrary">
<msg time="2025-11-09T15:43:49.626857" level="INFO">Opening browser 'chrome' to base url 'https://www.demoblaze.com/'.</msg>
<arg>${BASE_URL}</arg>
<arg>chrome</arg>
<doc>Opens a new browser instance to the optional ``url``.</doc>
<status status="PASS" start="2025-11-09T15:43:49.626588" elapsed="2.476547"/>
</kw>
<kw name="Wait Until Element Is Visible" owner="SeleniumLibrary">
<arg>id:signin2</arg>
<arg>5s</arg>
<doc>Waits until the element ``locator`` is visible.</doc>
<status status="PASS" start="2025-11-09T15:43:52.103424" elapsed="0.038335"/>
</kw>
<kw name="Click Element" owner="SeleniumLibrary">
<msg time="2025-11-09T15:43:52.142372" level="INFO">Clicking element 'id:signin2'.</msg>
<arg>id:signin2</arg>
<doc>Click the element identified by ``locator``.</doc>
<status status="PASS" start="2025-11-09T15:43:52.142053" elapsed="0.099563"/>
</kw>
<kw name="Wait Until Element Is Visible" owner="SeleniumLibrary">
<arg>id:sign-username</arg>
<arg>10s</arg>
<doc>Waits until the element ``locator`` is visible.</doc>
<status status="PASS" start="2025-11-09T15:43:52.242525" elapsed="0.248331"/>
</kw>
<kw name="Input Text" owner="SeleniumLibrary">
<msg time="2025-11-09T15:43:52.491429" level="INFO">Typing text 'user_test_6631' into text field 'id:sign-username'.</msg>
<arg>id:sign-username</arg>
<arg>${REGISTERED_USERNAME}</arg>
<doc>Types the given ``text`` into the text field identified by ``locator``.</doc>
<status status="PASS" start="2025-11-09T15:43:52.491112" elapsed="0.119391"/>
</kw>
<kw name="Input Text" owner="SeleniumLibrary">
<msg time="2025-11-09T15:43:52.611384" level="INFO">Typing text 'pass123' into text field 'id:sign-password'.</msg>
<arg>id:sign-password</arg>
<arg>${REGISTERED_PASSWORD}</arg>
<doc>Types the given ``text`` into the text field identified by ``locator``.</doc>
<status status="PASS" start="2025-11-09T15:43:52.610786" elapsed="0.140743"/>
</kw>
<kw name="Wait Until Element Is Enabled" owner="SeleniumLibrary">
<arg>css:#signInModal .btn-primary:nth-child(2)</arg>
<doc>Waits until the element ``locator`` is enabled.</doc>
<status status="PASS" start="2025-11-09T15:43:52.751788" elapsed="0.034420"/>
</kw>
<kw name="Click Element" owner="SeleniumLibrary">
<msg time="2025-11-09T15:43:52.786819" level="INFO">Clicking element 'css:#signInModal .btn-primary:nth-child(2)'.</msg>
<arg>css:#signInModal .btn-primary:nth-child(2)</arg>
<doc>Click the element identified by ``locator``.</doc>
<status status="PASS" start="2025-11-09T15:43:52.786498" elapsed="0.103678"/>
</kw>
<kw name="Handle Alert" owner="SeleniumLibrary">
<msg time="2025-11-09T15:43:52.890757" level="INFO">HANDLE::&lt;class 'datetime.timedelta'&gt;::0:00:15</msg>
<msg time="2025-11-09T15:43:53.395838" level="INFO">${alert_text} = Sign up successful.</msg>
<var>${alert_text}</var>
<arg>timeout=15s</arg>
<arg>action=LEAVE</arg>
<doc>Handles the current alert and returns its message.</doc>
<status status="PASS" start="2025-11-09T15:43:52.890432" elapsed="0.505471"/>
</kw>
<kw name="Log To Console" owner="BuiltIn">
<arg>${alert_text}</arg>
<doc>Logs the given message to the console.</doc>
<status status="PASS" start="2025-11-09T15:43:53.396110" elapsed="0.000361"/>
</kw>
<kw name="Should Contain Any" owner="BuiltIn">
<arg>${alert_text}</arg>
<arg>Sign up successful.</arg>
<arg>This user already exist.</arg>
<doc>Fails if ``container`` does not contain any of the ``*items``.</doc>
<status status="PASS" start="2025-11-09T15:43:53.396647" elapsed="0.000211"/>
</kw>
<kw name="Handle Alert" owner="SeleniumLibrary">
<msg time="2025-11-09T15:43:53.397101" level="INFO">HANDLE::&lt;class 'NoneType'&gt;::None</msg>
<doc>Handles the current alert and returns its message.</doc>
<status status="PASS" start="2025-11-09T15:43:53.396990" elapsed="0.004876"/>
</kw>
<kw name="Close Browser" owner="SeleniumLibrary">
<doc>Closes the current browser.</doc>
<status status="PASS" start="2025-11-09T15:43:53.402114" elapsed="2.166031"/>
</kw>
<status status="PASS" start="2025-11-09T15:43:49.623099" elapsed="5.945245"/>
</kw>
<test id="s1-t1" name="LoginTest" line="12">
<kw name="Open Browser" owner="SeleniumLibrary">
<msg time="2025-11-09T15:43:55.569524" level="INFO">Opening browser 'chrome' to base url 'https://www.demoblaze.com/'.</msg>
<arg>${BASE_URL}</arg>
<arg>chrome</arg>
<doc>Opens a new browser instance to the optional ``url``.</doc>
<status status="PASS" start="2025-11-09T15:43:55.569223" elapsed="2.175127"/>
</kw>
<kw name="Wait Until Element Is Visible" owner="SeleniumLibrary">
<arg>id:login2</arg>
<arg>5s</arg>
<doc>Waits until the element ``locator`` is visible.</doc>
<status status="PASS" start="2025-11-09T15:43:57.744807" elapsed="0.022523"/>
</kw>
<kw name="Click Element" owner="SeleniumLibrary">
<msg time="2025-11-09T15:43:57.768096" level="INFO">Clicking element 'id:login2'.</msg>
<arg>id:login2</arg>
<doc>Click the element identified by ``locator``.</doc>
<status status="PASS" start="2025-11-09T15:43:57.767774" elapsed="0.076162"/>
</kw>
<kw name="Wait Until Element Is Visible" owner="SeleniumLibrary">
<arg>id:loginusername</arg>
<arg>5s</arg>
<doc>Waits until the element ``locator`` is visible.</doc>
<status status="PASS" start="2025-11-09T15:43:57.844432" elapsed="0.234914"/>
</kw>
<kw name="Element Should Be Visible" owner="SeleniumLibrary">
<msg time="2025-11-09T15:43:58.121631" level="INFO">Element 'id:loginpassword' is displayed.</msg>
<arg>id:loginpassword</arg>
<doc>Verifies that the element identified by ``locator`` is visible.</doc>
<status status="PASS" start="2025-11-09T15:43:58.079825" elapsed="0.041953"/>
</kw>
<kw name="Input Text" owner="SeleniumLibrary">
<msg time="2025-11-09T15:43:58.122518" level="INFO">Typing text 'user_test_6631' into text field 'id:loginusername'.</msg>
<arg>id:loginusername</arg>
<arg>${REGISTERED_USERNAME}</arg>
<doc>Types the given ``text`` into the text field identified by ``locator``.</doc>
<status status="PASS" start="2025-11-09T15:43:58.122185" elapsed="0.116324"/>
</kw>
<kw name="Input Text" owner="SeleniumLibrary">
<msg time="2025-11-09T15:43:58.239121" level="INFO">Typing text 'pass123' into text field 'id:loginpassword'.</msg>
<arg>id:loginpassword</arg>
<arg>${REGISTERED_PASSWORD}</arg>
<doc>Types the given ``text`` into the text field identified by ``locator``.</doc>
<status status="PASS" start="2025-11-09T15:43:58.238883" elapsed="0.128565"/>
</kw>
<kw name="Wait Until Element Is Enabled" owner="SeleniumLibrary">
<arg>css:#logInModal .btn-primary:nth-child(2)</arg>
<doc>Waits until the element ``locator`` is enabled.</doc>
<status status="PASS" start="2025-11-09T15:43:58.367905" elapsed="0.025845"/>
</kw>
<kw name="Click Element" owner="SeleniumLibrary">
<msg time="2025-11-09T15:43:58.394713" level="INFO">Clicking element 'css:#logInModal .btn-primary:nth-child(2)'.</msg>
<arg>css:#logInModal .btn-primary:nth-child(2)</arg>
<doc>Click the element identified by ``locator``.</doc>
<status status="PASS" start="2025-11-09T15:43:58.394376" elapsed="0.059837"/>
</kw>
<kw name="Wait Until Element Is Visible" owner="SeleniumLibrary">
<arg>id:logout2</arg>
<arg>5s</arg>
<doc>Waits until the element ``locator`` is visible.</doc>
<status status="PASS" start="2025-11-09T15:43:58.454644" elapsed="1.246075"/>
</kw>
<kw name="Take Screenshot">
<kw name="No Operation" owner="BuiltIn">
<doc>Does absolutely nothing.</doc>
<status status="PASS" start="2025-11-09T15:43:59.701681" elapsed="0.000158"/>
</kw>
<msg time="2025-11-09T15:43:59.859160" level="INFO" html="true">&lt;/td&gt;&lt;/tr&gt;&lt;tr&gt;&lt;td colspan="3"&gt;&lt;a href="screenshots/LoginTest_Take_Screenshot.png"&gt;&lt;img src="screenshots/LoginTest_Take_Screenshot.png" width="800px"&gt;&lt;/a&gt;</msg>
<tag>screenshot</tag>
<status status="PASS" start="2025-11-09T15:43:59.701275" elapsed="0.000670"/>
</kw>
<kw name="Page Should Contain" owner="SeleniumLibrary">
<msg time="2025-11-09T15:43:59.870633" level="INFO">Current page contains text 'Welcome user_test_6631'.</msg>
<arg>Welcome ${REGISTERED_USERNAME}</arg>
<doc>Verifies that current page contains ``text``.</doc>
<status status="PASS" start="2025-11-09T15:43:59.859681" elapsed="0.011099"/>
</kw>
<kw name="Close Browser" owner="SeleniumLibrary" type="TEARDOWN">
<doc>Closes the current browser.</doc>
<status status="PASS" start="2025-11-09T15:43:59.871273" elapsed="2.146092"/>
</kw>
<status status="PASS" start="2025-11-09T15:43:55.568475" elapsed="6.449531"/>
</test>
<test id="s1-t2" name="CartTest" line="35">
<kw name="Open Browser" owner="SeleniumLibrary">
<msg time="2025-11-09T15:44:02.020073" level="INFO">Opening browser 'chrome' to base url 'https://www.demoblaze.com/'.</msg>
<arg>${BASE_URL}</arg>
<arg>chrome</arg>
<doc>Opens a new browser instance to the optional ``url``.</doc>
<status status="PASS" start="2025-11-09T15:44:02.019775" elapsed="2.317027"/>
</kw>
<kw name="Perform Login">
<kw name="Wait Until Element Is Visible" owner="SeleniumLibrary">
<arg>id:login2</arg>
<arg>5s</arg>
<doc>Waits until the element ``locator`` is visible.</doc>
<status status="PASS" start="2025-11-09T15:44:04.337716" elapsed="0.055317"/>
</kw>
<kw name="Click Element" owner="SeleniumLibrary">
<msg time="2025-11-09T15:44:04.393503" level="INFO">Clicking element 'id:login2'.</msg>
<arg>id:login2</arg>
<doc>Click the element identified by ``locator``.</doc>
<status status="PASS" start="2025-11-09T15:44:04.393245" elapsed="0.068360"/>
</kw>
<kw name="Wait Until Element Is Visible" owner="SeleniumLibrary">
<arg>id:loginusername</arg>
<arg>5s</arg>
<doc>Waits until the element ``locator`` is visible.</doc>
<status status="PASS" start="2025-11-09T15:44:04.461878" elapsed="0.248084"/>
</kw>
<kw name="Element Should Be Visible" owner="SeleniumLibrary">
<msg time="2025-11-09T15:44:04.725128" level="INFO">Element 'id:loginpassword' is displayed.</msg>
<arg>id:loginpassword</arg>
<doc>Verifies that the element identified by ``locator`` is visible.</doc>
<status status="PASS" start="2025-11-09T15:44:04.710136" elapsed="0.015093"/>
</kw>
<kw name="Input Text" owner="SeleniumLibrary">
<msg time="2025-11-09T15:44:04.725736" level="INFO">Typing text 'user_test_6631' into text field 'id:loginusername'.</msg>
<arg>id:loginusername</arg>
<arg>${REGISTERED_USERNAME}</arg>
<doc>Types the given ``text`` into the text field identified by ``locator``.</doc>
<status status="PASS" start="2025-11-09T15:44:04.725411" elapsed="0.156697"/>
</kw>
<kw name="Input Text" owner="SeleniumLibrary">
<msg time="2025-11-09T15:44:04.882802" level="INFO">Typing text 'pass123' into text field 'id:loginpassword'.</msg>
<arg>id:loginpassword</arg>
<arg>${REGISTERED_PASSWORD}</arg>
<doc>Types the given ``text`` into the text field identified by ``locator``.</doc>
<status status="PASS" start="2025-11-09T15:44:04.882452" elapsed="0.132740"/>
</kw>
<kw name="Wait Until Element Is Enabled" owner="SeleniumLibrary">
<arg>css:#logInModal .btn-primary:nth-child(2)</arg>
<doc>Waits until the element ``locator`` is enabled.</doc>
<status status="PASS" start="2025-11-09T15:44:05.015404" elapsed="0.031481"/>
</kw>
<kw name="Click Element" owner="SeleniumLibrary">
<msg time="2025-11-09T15:44:05.047452" level="INFO">Clicking element 'css:#logInModal .btn-primary:nth-child(2)'.</msg>
<arg>css:#logInModal .btn-primary:nth-child(2)</arg>
<doc>Click the element identified by ``locator``.</doc>
<status status="PASS" start="2025-11-09T15:44:05.047153" elapsed="0.083849"/>
</kw>
<kw name="Wait Until Element Is Visible" owner="SeleniumLibrary">
<arg>id:logout2</arg>
<arg>10s</arg>
<doc>Waits until the element ``locator`` is visible.</doc>
<status status="PASS" start="2025-11-09T15:44:05.131209" elapsed="1.611477"/>
</kw>
<kw name="Wait Until Element Is Not Visible" owner="SeleniumLibrary">
<arg>css:.modal-open</arg>
<arg>5s</arg>
<doc>Waits until the element ``locator`` is not visible.</doc>
<status status="PASS" start="2025-11-09T15:44:06.742917" elapsed="0.012880"/>
</kw>
<status status="PASS" start="2025-11-09T15:44:04.337296" elapsed="2.418740"/>
</kw>
<kw name="Wait Until Element Is Visible" owner="SeleniumLibrary">
<arg>css:a.list-group-item[onclick="byCat('monitor')"]</arg>
<arg>10s</arg>
<doc>Waits until the element ``locator`` is visible.</doc>
<status status="PASS" start="2025-11-09T15:44:06.756501" elapsed="0.037434"/>
</kw>
<kw name="Click Element" owner="SeleniumLibrary">
<msg time="2025-11-09T15:44:06.794875" level="INFO">Clicking element 'css:a.list-group-item[onclick="byCat('monitor')"]'.</msg>
<arg>css:a.list-group-item[onclick="byCat('monitor')"]</arg>
<doc>Click the element identified by ``locator``.</doc>
<status status="PASS" start="2025-11-09T15:44:06.794511" elapsed="0.053848"/>
</kw>
<kw name="Wait Until Element Is Visible" owner="SeleniumLibrary">
<arg>css:a[href="prod.html?idp_=10"]</arg>
<arg>5s</arg>
<doc>Waits until the element ``locator`` is visible.</doc>
<status status="PASS" start="2025-11-09T15:44:06.848823" elapsed="0.846559"/>
</kw>
<kw name="Click Element" owner="SeleniumLibrary">
<msg time="2025-11-09T15:44:07.696018" level="INFO">Clicking element 'css:a[href="prod.html?idp_=10"]'.</msg>
<arg>css:a[href="prod.html?idp_=10"]</arg>
<doc>Click the element identified by ``locator``.</doc>
<status status="PASS" start="2025-11-09T15:44:07.695770" elapsed="0.473169"/>
</kw>
<kw name="Wait Until Element Is Visible" owner="SeleniumLibrary">
<arg>css:.name</arg>
<arg>5s</arg>
<doc>Waits until the element ``locator`` is visible.</doc>
<status status="PASS" start="2025-11-09T15:44:08.169370" elapsed="0.461285"/>
</kw>
<kw name="Element Should Be Visible" owner="SeleniumLibrary">
<msg time="2025-11-09T15:44:08.648071" level="INFO">Element 'css:.price-container' is displayed.</msg>
<arg>css:.price-container</arg>
<arg>5s</arg>
<doc>Verifies that the element identified by ``locator`` is visible.</doc>
<status status="PASS" start="2025-11-09T15:44:08.631048" elapsed="0.017158"/>
</kw>
<kw name="Get Text" owner="SeleniumLibrary">
<msg time="2025-11-09T15:44:08.665055" level="INFO">${product_name} = Apple monitor 24</msg>
<var>${product_name}</var>
<arg>css:.name</arg>
<doc>Returns the text value of the element identified by ``locator``.</doc>
<status status="PASS" start="2025-11-09T15:44:08.648639" elapsed="0.016479"/>
</kw>
<kw name="Get Text" owner="SeleniumLibrary">
<msg time="2025-11-09T15:44:08.677617" level="INFO">${price_text} = $400 *includes tax</msg>
<var>${price_text}</var>
<arg>css:.price-container</arg>
<doc>Returns the text value of the element identified by ``locator``.</doc>
<status status="PASS" start="2025-11-09T15:44:08.665573" elapsed="0.012108"/>
</kw>
<kw name="Get Regexp Matches" owner="String">
<msg time="2025-11-09T15:44:08.678449" level="INFO">${price_value} = ['400']</msg>
<var>${price_value}</var>
<arg>${price_text}</arg>
<arg>\\$(\\d+)</arg>
<arg>1</arg>
<doc>Returns a list of all non-overlapping matches in the given string.</doc>
<status status="PASS" start="2025-11-09T15:44:08.678144" elapsed="0.000333"/>
</kw>
<kw name="Set Suite Variable" owner="BuiltIn">
<msg time="2025-11-09T15:44:08.678843" level="INFO">${PRODUCT_NAME} = Apple monitor 24</msg>
<arg>${PRODUCT_NAME}</arg>
<arg>${product_name}</arg>
<doc>Makes a variable available everywhere within the scope of the current suite.</doc>
<status status="PASS" start="2025-11-09T15:44:08.678688" elapsed="0.000190"/>
</kw>
<kw name="Set Suite Variable" owner="BuiltIn">
<msg time="2025-11-09T15:44:08.679176" level="INFO">${PRODUCT_PRICE} = 400</msg>
<arg>${PRODUCT_PRICE}</arg>
<arg>${price_value}[0]</arg>
<doc>Makes a variable available everywhere within the scope of the current suite.</doc>
<status status="PASS" start="2025-11-09T15:44:08.679030" elapsed="0.000178"/>
</kw>
<kw name="Element Should Be Visible" owner="SeleniumLibrary">
<msg time="2025-11-09T15:44:08.692217" level="INFO">Element 'css:a.btn.btn-success.btn-lg' is displayed.</msg>
<arg>css:a.btn.btn-success.btn-lg</arg>
<doc>Verifies that the element identified by ``locator`` is visible.</doc>
<status status="PASS" start="2025-11-09T15:44:08.679353" elapsed="0.012945"/>
</kw>
<kw name="Click Element" owner="SeleniumLibrary">
<msg time="2025-11-09T15:44:08.692777" level="INFO">Clicking element 'css:a.btn.btn-success.btn-lg'.</msg>
<arg>css:a.btn.btn-success.btn-lg</arg>
<doc>Click the element identified by ``locator``.</doc>
<status status="PASS" start="2025-11-09T15:44:08.692610" elapsed="0.052456"/>
</kw>
<kw name="Handle Alert" owner="SeleniumLibrary">
<msg time="2025-11-09T15:44:08.745818" level="INFO">HANDLE::&lt;class 'NoneType'&gt;::None</msg>
<doc>Handles the current alert and returns its message.</doc>
<status status="PASS" start="2025-11-09T15:44:08.745610" elapsed="1.019304"/>
</kw>
<kw name="Wait Until Element Is Visible" owner="SeleniumLibrary">
<arg>css:#cartur</arg>
<arg>5s</arg>
<doc>Waits until the element ``locator`` is visible.</doc>
<status status="PASS" start="2025-11-09T15:44:09.765430" elapsed="0.018700"/>
</kw>
<kw name="Click Element" owner="SeleniumLibrary">
<msg time="2025-11-09T15:44:09.784736" level="INFO">Clicking element 'css:#cartur'.</msg>
<arg>css:#cartur</arg>
<doc>Click the element identified by ``locator``.</doc>
<status status="PASS" start="2025-11-09T15:44:09.784553" elapsed="0.486776"/>
</kw>
<kw name="Wait Until Location Contains" owner="SeleniumLibrary">
<arg>cart.html</arg>
<arg>10s</arg>
<doc>Waits until the current URL contains ``expected``.</doc>
<status status="PASS" start="2025-11-09T15:44:10.271880" elapsed="0.021360"/>
</kw>
<kw name="Wait Until Element Is Visible" owner="SeleniumLibrary">
<arg>id:tbodyid</arg>
<arg>10s</arg>
<doc>Waits until the element ``locator`` is visible.</doc>
<status status="PASS" start="2025-11-09T15:44:10.293649" elapsed="0.017432"/>
</kw>
<kw name="Wait Until Element Is Visible" owner="SeleniumLibrary">
<arg>xpath://*[@id="tbodyid"]//td[text()="${PRODUCT_NAME}"]</arg>
<arg>10s</arg>
<doc>Waits until the element ``locator`` is visible.</doc>
<status status="PASS" start="2025-11-09T15:44:10.311505" elapsed="0.662618"/>
</kw>
<kw name="Take Screenshot">
<kw name="No Operation" owner="BuiltIn">
<doc>Does absolutely nothing.</doc>
<status status="PASS" start="2025-11-09T15:44:10.974916" elapsed="0.000153"/>
</kw>
<msg time="2025-11-09T15:44:11.125509" level="INFO" html="true">&lt;/td&gt;&lt;/tr&gt;&lt;tr&gt;&lt;td colspan="3"&gt;&lt;a href="screenshots/CartTest_Take_Screenshot.png"&gt;&lt;img src="screenshots/CartTest_Take_Screenshot.png" width="800px"&gt;&lt;/a&gt;</msg>
<tag>screenshot</tag>
<status status="PASS" start="2025-11-09T15:44:10.974562" elapsed="0.000614"/>
</kw>
<kw name="Wait Until Element Is Visible" owner="SeleniumLibrary">
<arg>xpath://*[@id="tbodyid"]//td[text()="${PRODUCT_PRICE}"]</arg>
<arg>10s</arg>
<doc>Waits until the element ``locator`` is visible.</doc>
<status status="PASS" start="2025-11-09T15:44:11.126262" elapsed="0.021173"/>
</kw>
<kw name="Close Browser" owner="SeleniumLibrary" type="TEARDOWN">
<doc>Closes the current browser.</doc>
<status status="PASS" start="2025-11-09T15:44:11.147963" elapsed="2.178307"/>
</kw>
<status status="PASS" start="2025-11-09T15:44:02.019188" elapsed="11.307669"/>
</test>
<status status="PASS" start="2025-11-09T15:43:49.421121" elapsed="23.907545"/>
</suite>
<statistics>
<total>
<stat pass="2" fail="0" skip="0">All Tests</stat>
</total>
<tag>
</tag>
<suite>
<stat name="Example" id="s1" pass="2" fail="0" skip="0">Example</stat>
</suite>
</statistics>
<errors>
</errors>
</robot>
